-------------------------------------------------------------------------------
Test set: TestSuite
-------------------------------------------------------------------------------
Tests run: 2, Failures: 1, Errors: 0, Skipped: 0, Time elapsed: 23.616 s <<< FAILURE! - in TestSuite
runScenario(cucumberOptions.TestRunner_TestNG)  Time elapsed: 0.021 s  <<< FAILURE!
io.cucumber.testng.UndefinedStepException: 
The step 'User is on Login Page' and 3 other step(s) are undefined.
You can implement these steps using the snippet(s) below:

@Given("User is on Login Page")
public void user_is_on_login_page() {
    // Write code here that turns the phrase above into concrete actions
    throw new io.cucumber.java.PendingException();
}
@When("User enters {string} and {string}")
public void user_enters_and(String string, String string2) {
    // Write code here that turns the phrase above into concrete actions
    throw new io.cucumber.java.PendingException();
}
@When("Click on login button")
public void click_on_login_button() {
    // Write code here that turns the phrase above into concrete actions
    throw new io.cucumber.java.PendingException();
}
@Then("User is able to login and a sucess message should display")
public void user_is_able_to_login_and_a_sucess_message_should_display() {
    // Write code here that turns the phrase above into concrete actions
    throw new io.cucumber.java.PendingException();
}


